<?xml version="1.0" encoding="UTF-8"?>
<robot generator="Robot 3.1.2 (Python 3.6.5 on win32)" generated="20200123 16:02:48.119" rpa="false">
<suite id="s1" name="Tests" source="C:\development\robot-scripts\Estate\tests">
<suite id="s1-s1" name="Estate" source="C:\development\robot-scripts\Estate\tests\estate.robot">
<test id="s1-s1-t1" name="[Documentation]">
<kw name="Begin Web Test" library="global">
<kw name="Open Browser" library="SeleniumLibrary">
<doc>Opens a new browser instance to the given ``url``.</doc>
<arguments>
<arg>${URL}</arg>
<arg>${BROWSER}</arg>
</arguments>
<msg timestamp="20200123 16:02:48.385" level="INFO">Opening browser 'ff' to base url 'https://10.16.0.252:9000/emgui/login.jsp?logout'.</msg>
<status status="PASS" starttime="20200123 16:02:48.385" endtime="20200123 16:02:58.651"></status>
</kw>
<status status="PASS" starttime="20200123 16:02:48.384" endtime="20200123 16:02:58.651"></status>
</kw>
<kw name="Login Happy Path" library="login">
<kw name="Input Text" library="SeleniumLibrary">
<doc>Types the given ``text`` into text field identified by ``locator``.</doc>
<arguments>
<arg>id=username</arg>
<arg>root</arg>
</arguments>
<msg timestamp="20200123 16:02:58.653" level="INFO">Typing text 'root' into text field 'id=username'.</msg>
<status status="PASS" starttime="20200123 16:02:58.652" endtime="20200123 16:02:58.720"></status>
</kw>
<kw name="Input Password" library="SeleniumLibrary">
<doc>Types the given password into text field identified by ``locator``.</doc>
<arguments>
<arg>id=password</arg>
<arg>root</arg>
</arguments>
<msg timestamp="20200123 16:02:58.721" level="INFO">Typing password into text field 'id=password'.</msg>
<status status="PASS" starttime="20200123 16:02:58.720" endtime="20200123 16:02:58.768"></status>
</kw>
<kw name="Click Button" library="SeleniumLibrary">
<doc>Clicks button identified by ``locator``.</doc>
<arguments>
<arg>css=body &gt; div &gt; div &gt; form &gt; div &gt; div &gt; input</arg>
</arguments>
<msg timestamp="20200123 16:02:58.769" level="INFO">Clicking button 'css=body &gt; div &gt; div &gt; form &gt; div &gt; div &gt; input'.</msg>
<status status="PASS" starttime="20200123 16:02:58.769" endtime="20200123 16:03:04.170"></status>
</kw>
<kw name="Wait Until Page Contains" library="SeleniumLibrary">
<doc>Waits until ``text`` appears on current page.</doc>
<arguments>
<arg>text=Quick links</arg>
</arguments>
<status status="PASS" starttime="20200123 16:03:04.170" endtime="20200123 16:03:04.185"></status>
</kw>
<kw name="Sleep" library="BuiltIn">
<doc>Pauses the test executed for the given time.</doc>
<arguments>
<arg>5s</arg>
</arguments>
<msg timestamp="20200123 16:03:09.186" level="INFO">Slept 5 seconds</msg>
<status status="PASS" starttime="20200123 16:03:04.185" endtime="20200123 16:03:09.187"></status>
</kw>
<status status="PASS" starttime="20200123 16:02:58.652" endtime="20200123 16:03:09.187"></status>
</kw>
<kw name="End Web Test" library="global">
<kw name="Close Browser" library="SeleniumLibrary">
<doc>Closes the current browser.</doc>
<status status="PASS" starttime="20200123 16:03:09.191" endtime="20200123 16:03:14.119"></status>
</kw>
<status status="PASS" starttime="20200123 16:03:09.189" endtime="20200123 16:03:14.119"></status>
</kw>
<tags>
<tag>Test login OK</tag>
</tags>
<status status="PASS" starttime="20200123 16:02:48.384" endtime="20200123 16:03:14.119" critical="yes"></status>
</test>
<status status="PASS" starttime="20200123 16:02:48.155" endtime="20200123 16:03:14.121"></status>
</suite>
<status status="PASS" starttime="20200123 16:02:48.121" endtime="20200123 16:03:14.123"></status>
</suite>
<statistics>
<total>
<stat pass="1" fail="0">Critical Tests</stat>
<stat pass="1" fail="0">All Tests</stat>
</total>
<tag>
<stat pass="1" fail="0">Test login OK</stat>
</tag>
<suite>
<stat pass="1" fail="0" id="s1" name="Tests">Tests</stat>
<stat pass="1" fail="0" id="s1-s1" name="Estate">Tests.Estate</stat>
</suite>
</statistics>
<errors>
</errors>
</robot>
